<?xml version="1.0" encoding="UTF-8"?>
<!-- Generated by org.testng.reporters.JUnitReportReporter -->
<testsuite hostname="Prateek" failures="0" tests="2" name="testScripts.PlaceOrderTest" time="4.675" errors="0" timestamp="2023-05-15T11:20:32 IST" skipped="0">
  <testcase classname="testScripts.PlaceOrderTest" name="checkOutTest" time="3.128"/>
  <system-out/>
  <testcase classname="testScripts.PlaceOrderTest" name="addItemTest" time="1.547"/>
  <system-out/>
</testsuite> <!-- testScripts.PlaceOrderTest -->
